Log file open, 04/09/20 12:59:43
LogWindows: Failed to load 'aqProf.dll' (GetLastError=126)
LogWindows: File 'aqProf.dll' does not exist
LogWindows: Failed to load 'VtuneApi.dll' (GetLastError=126)
LogWindows: File 'VtuneApi.dll' does not exist
LogWindows: Failed to load 'VtuneApi32e.dll' (GetLastError=126)
LogWindows: File 'VtuneApi32e.dll' does not exist
LogConsoleResponse: Display: Failed to find resolution value strings in scalability ini. Falling back to default.
LogInit: Display: Running engine for game: MOBAGameClient
LogPlatformFile: Not using cached read wrapper
LogTaskGraph: Started task graph with 5 named threads and 47 total threads with 3 sets of task threads.
LogStats: Stats thread started at 0.093325
LogD3D11RHI: Loaded GFSDK_Aftermath_Lib.x64.dll
LogICUInternationalization: ICU TimeZone Detection - Raw Offset: -6:00, Platform Override: ''
LogPluginManager: Mounting plugin Paper2D
LogPluginManager: Mounting plugin AISupport
LogPluginManager: Mounting plugin LightPropagationVolume
LogPluginManager: Mounting plugin ActorLayerUtilities
LogPluginManager: Mounting plugin AnimationSharing
LogPluginManager: Mounting plugin CLionSourceCodeAccess
LogPluginManager: Mounting plugin CodeLiteSourceCodeAccess
LogPluginManager: Mounting plugin GitSourceControl
LogPluginManager: Mounting plugin KDevelopSourceCodeAccess
LogPluginManager: Mounting plugin NullSourceCodeAccess
LogPluginManager: Mounting plugin PerforceSourceControl
LogPluginManager: Mounting plugin PlasticSourceControl
LogPluginManager: Mounting plugin SubversionSourceControl
LogPluginManager: Mounting plugin UObjectPlugin
LogPluginManager: Mounting plugin VisualStudioCodeSourceCodeAccess
LogPluginManager: Mounting plugin VisualStudioSourceCodeAccess
LogPluginManager: Mounting plugin XCodeSourceCodeAccess
LogPluginManager: Mounting plugin AssetManagerEditor
LogPluginManager: Mounting plugin CryptoKeys
LogPluginManager: Mounting plugin CurveEditorTools
LogPluginManager: Mounting plugin DataValidation
LogPluginManager: Mounting plugin FacialAnimation
LogPluginManager: Mounting plugin GameplayTagsEditor
LogPluginManager: Mounting plugin MacGraphicsSwitching
LogPluginManager: Mounting plugin MaterialAnalyzer
LogPluginManager: Mounting plugin MobileLauncherProfileWizard
LogPluginManager: Mounting plugin PluginBrowser
LogPluginManager: Mounting plugin SpeedTreeImporter
LogPluginManager: Mounting plugin DatasmithContent
LogPluginManager: Mounting plugin VariantManagerContent
LogPluginManager: Mounting plugin AlembicImporter
LogPluginManager: Mounting plugin AutomationUtils
LogPluginManager: Mounting plugin BackChannel
LogPluginManager: Mounting plugin CharacterAI
LogPluginManager: Mounting plugin GeometryCache
LogPluginManager: Mounting plugin PlatformCrypto
LogPluginManager: Mounting plugin ProxyLODPlugin
LogPluginManager: Mounting plugin SkeletalReduction
LogPluginManager: Mounting plugin MagicLeap
LogPluginManager: Mounting plugin MagicLeapMedia
LogPluginManager: Mounting plugin MLSDK
LogPluginManager: Mounting plugin AndroidMedia
LogPluginManager: Mounting plugin AvfMedia
LogPluginManager: Mounting plugin ImgMedia
LogPluginManager: Mounting plugin MediaCompositing
LogPluginManager: Mounting plugin MediaPlayerEditor
LogPluginManager: Mounting plugin WebMMedia
LogPluginManager: Mounting plugin WmfMedia
LogPluginManager: Mounting plugin TcpMessaging
LogPluginManager: Mounting plugin UdpMessaging
LogPluginManager: Mounting plugin ActorSequence
LogPluginManager: Mounting plugin LevelSequenceEditor
LogPluginManager: Mounting plugin MatineeToLevelSequence
LogPluginManager: Mounting plugin NetcodeUnitTest
LogPluginManager: Mounting plugin NUTUnrealEngine4
LogPluginManager: Mounting plugin OnlineSubsystemGooglePlay
LogPluginManager: Mounting plugin OnlineSubsystemIOS
LogPluginManager: Mounting plugin OnlineSubsystem
LogPluginManager: Mounting plugin OnlineSubsystemNull
LogPluginManager: Mounting plugin OnlineSubsystemUtils
LogPluginManager: Mounting plugin LauncherChunkInstaller
LogPluginManager: Mounting plugin AndroidDeviceProfileSelector
LogPluginManager: Mounting plugin AndroidMoviePlayer
LogPluginManager: Mounting plugin AndroidPermission
LogPluginManager: Mounting plugin AppleImageUtils
LogPluginManager: Mounting plugin AppleMoviePlayer
LogPluginManager: Mounting plugin ArchVisCharacter
LogPluginManager: Mounting plugin AssetTags
LogPluginManager: Mounting plugin AudioCapture
LogPluginManager: Mounting plugin CableComponent
LogPluginManager: Mounting plugin CustomMeshComponent
LogPluginManager: Mounting plugin EditableMesh
LogPluginManager: Mounting plugin ExampleDeviceProfileSelector
LogPluginManager: Mounting plugin GoogleCloudMessaging
LogPluginManager: Mounting plugin IOSDeviceProfileSelector
LogPluginManager: Mounting plugin LinuxDeviceProfileSelector
LogPluginManager: Mounting plugin LocationServicesBPLibrary
LogPluginManager: Mounting plugin MobilePatchingUtils
LogPluginManager: Mounting plugin OculusVR
LogPluginManager: Mounting plugin PhysXVehicles
LogPluginManager: Mounting plugin PostSplashScreen
LogPluginManager: Mounting plugin ProceduralMeshComponent
LogPluginManager: Mounting plugin RuntimePhysXCooking
LogPluginManager: Mounting plugin SignificanceManager
LogPluginManager: Mounting plugin SteamVR
LogPluginManager: Mounting plugin WebMMoviePlayer
LogPluginManager: Mounting plugin WindowsMoviePlayer
LogPluginManager: Mounting plugin ScreenshotTools
LogInit: Using libcurl 7.55.1-DEV
LogInit:  - built for x86_64-pc-win32
LogInit:  - supports SSL with OpenSSL/1.1.1
LogInit:  - supports HTTP deflate (compression) using libz 1.2.8
LogInit:  - other features:
LogInit:      CURL_VERSION_SSL
LogInit:      CURL_VERSION_LIBZ
LogInit:      CURL_VERSION_IPV6
LogInit:      CURL_VERSION_ASYNCHDNS
LogInit:      CURL_VERSION_LARGEFILE
LogInit:      CURL_VERSION_IDN
LogInit:  CurlRequestOptions (configurable via config and command line):
LogInit:  - bVerifyPeer = true  - Libcurl will verify peer certificate
LogInit:  - bUseHttpProxy = false  - Libcurl will NOT use HTTP proxy
LogInit:  - bDontReuseConnections = false  - Libcurl will reuse connections
LogInit:  - MaxHostConnections = 16  - Libcurl will limit the number of connections to a host
LogInit:  - LocalHostAddr = Default
LogInit:  - BufferSize = 65536
LogOnline: OSS: Creating online subsystem instance for: NULL
LogInit: WinSock: version 1.1 (2.2), MaxSocks=32767, MaxUdp=65467
LogOnline: OSS: TryLoadSubsystemAndSetDefault: Loaded subsystem for module [NULL]
LogInit: Build: ++UE4+Release-4.24-CL-11590370
LogInit: Engine Version: 4.24.3-11590370+++UE4+Release-4.24
LogInit: Compatible Engine Version: 4.24.0-10570792+++UE4+Release-4.24
LogInit: Net CL: 10570792
LogInit: OS: Windows 10 (Release 1909) (), CPU: AMD Ryzen 7 2700X Eight-Core Processor         , GPU: NVIDIA GeForce GTX 1080
LogInit: Compiled (64-bit): Feb 24 2020 15:39:18
LogInit: Compiled with Visual C++: 19.16.27032.01
LogInit: Build Configuration: Development
LogInit: Branch Name: ++UE4+Release-4.24
LogInit: Command Line: 
LogInit: Base Directory: C:/Program Files/Epic Games/UE_4.24/Engine/Binaries/Win64/
LogInit: Installed Engine Build: 1
LogDevObjectVersion: Number of dev versions registered: 25
LogDevObjectVersion:   Dev-Blueprints (B0D832E4-1F89-4F0D-ACCF-7EB736FD4AA2): 10
LogDevObjectVersion:   Dev-Build (E1C64328-A22C-4D53-A36C-8E866417BD8C): 0
LogDevObjectVersion:   Dev-Core (375EC13C-06E4-48FB-B500-84F0262A717E): 3
LogDevObjectVersion:   Dev-Editor (E4B068ED-F494-42E9-A231-DA0B2E46BB41): 37
LogDevObjectVersion:   Dev-Framework (CFFC743F-43B0-4480-9391-14DF171D2073): 36
LogDevObjectVersion:   Dev-Mobile (B02B49B5-BB20-44E9-A304-32B752E40360): 2
LogDevObjectVersion:   Dev-Networking (A4E4105C-59A1-49B5-A7C5-40C4547EDFEE): 0
LogDevObjectVersion:   Dev-Online (39C831C9-5AE6-47DC-9A44-9C173E1C8E7C): 0
LogDevObjectVersion:   Dev-Physics (78F01B33-EBEA-4F98-B9B4-84EACCB95AA2): 2
LogDevObjectVersion:   Dev-Platform (6631380F-2D4D-43E0-8009-CF276956A95A): 0
LogDevObjectVersion:   Dev-Rendering (12F88B9F-8875-4AFC-A67C-D90C383ABD29): 36
LogDevObjectVersion:   Dev-Sequencer (7B5AE74C-D270-4C10-A958-57980B212A5A): 11
LogDevObjectVersion:   Dev-VR (D7296918-1DD6-4BDD-9DE2-64A83CC13884): 2
LogDevObjectVersion:   Dev-LoadTimes (C2A15278-BFE7-4AFE-6C17-90FF531DF755): 1
LogDevObjectVersion:   Private-Geometry (6EACA3D4-40EC-4CC1-B786-8BED09428FC5): 3
LogDevObjectVersion:   Dev-AnimPhys (29E575DD-E0A3-4627-9D10-D276232CDCEA): 17
LogDevObjectVersion:   Dev-Anim (AF43A65D-7FD3-4947-9873-3E8ED9C1BB05): 2
LogDevObjectVersion:   Dev-ReflectionCapture (6B266CEC-1EC7-4B8F-A30B-E4D90942FC07): 1
LogDevObjectVersion:   Dev-Automation (0DF73D61-A23F-47EA-B727-89E90C41499A): 1
LogDevObjectVersion:   FortniteMain (601D1886-AC64-4F84-AA16-D3DE0DEAC7D6): 31
LogDevObjectVersion:   Dev-Enterprise (9DFFBCD6-494F-0158-E221-12823C92A888): 8
LogDevObjectVersion:   Dev-Niagara (F2AED0AC-9AFE-416F-8664-AA7FFA26D6FC): 1
LogDevObjectVersion:   Dev-Destruction (174F1F0B-B4C6-45A5-B13F-2EE8D0FB917D): 9
LogDevObjectVersion:   Dev-Physics-Ext (35F94A83-E258-406C-A318-09F59610247C): 8
LogDevObjectVersion:   Dev-CineCamera (B2E18506-4273-CFC2-A54E-F4BB758BBA07): 1
LogInit: Presizing for max 25165824 objects, including 0 objects not considered by GC, pre-allocating 0 bytes for permanent pool.
LogInit: Object subsystem initialized
LogConfig: Setting CVar [[con.DebugEarlyDefault:1]]
LogConfig: Setting CVar [[r.setres:1280x720]]
[2020.04.09-17.59.43:536][  0]LogConfig: Setting CVar [[r.VSync:0]]
[2020.04.09-17.59.43:536][  0]LogConfig: Setting CVar [[r.RHICmdBypass:0]]
[2020.04.09-17.59.43:536][  0]LogConfig: Applying CVar settings from Section [/Script/Engine.RendererSettings] File [C:/Users/sraso/Documents/GitHub/MOBAGameClient/Saved/Config/Windows/Engine.ini]
[2020.04.09-17.59.43:536][  0]LogConfig: Setting CVar [[r.GPUCrashDebugging:0]]
[2020.04.09-17.59.43:536][  0]LogConfig: Setting CVar [[r.SkinCache.CompileShaders:1]]
[2020.04.09-17.59.43:536][  0]LogConfig: Setting CVar [[r.RayTracing:1]]
[2020.04.09-17.59.43:536][  0]LogConfig: Applying CVar settings from Section [/Script/Engine.RendererOverrideSettings] File [C:/Users/sraso/Documents/GitHub/MOBAGameClient/Saved/Config/Windows/Engine.ini]
[2020.04.09-17.59.43:536][  0]LogConfig: Applying CVar settings from Section [/Script/Engine.StreamingSettings] File [C:/Users/sraso/Documents/GitHub/MOBAGameClient/Saved/Config/Windows/Engine.ini]
[2020.04.09-17.59.43:536][  0]LogConfig: Setting CVar [[s.MinBulkDataSizeForAsyncLoading:131072]]
[2020.04.09-17.59.43:536][  0]LogConfig: Setting CVar [[s.AsyncLoadingThreadEnabled:0]]
[2020.04.09-17.59.43:536][  0]LogConfig: Setting CVar [[s.EventDrivenLoaderEnabled:1]]
[2020.04.09-17.59.43:536][  0]LogConfig: Setting CVar [[s.WarnIfTimeLimitExceeded:0]]
[2020.04.09-17.59.43:536][  0]LogConfig: Setting CVar [[s.TimeLimitExceededMultiplier:1.5]]
[2020.04.09-17.59.43:536][  0]LogConfig: Setting CVar [[s.TimeLimitExceededMinTime:0.005]]
[2020.04.09-17.59.43:536][  0]LogConfig: Setting CVar [[s.UseBackgroundLevelStreaming:1]]
[2020.04.09-17.59.43:536][  0]LogConfig: Setting CVar [[s.PriorityAsyncLoadingExtraTime:15.0]]
[2020.04.09-17.59.43:536][  0]LogConfig: Setting CVar [[s.LevelStreamingActorsUpdateTimeLimit:5.0]]
[2020.04.09-17.59.43:536][  0]LogConfig: Setting CVar [[s.PriorityLevelStreamingActorsUpdateExtraTime:5.0]]
[2020.04.09-17.59.43:536][  0]LogConfig: Setting CVar [[s.LevelStreamingComponentsRegistrationGranularity:10]]
[2020.04.09-17.59.43:536][  0]LogConfig: Setting CVar [[s.UnregisterComponentsTimeLimit:1.0]]
[2020.04.09-17.59.43:536][  0]LogConfig: Setting CVar [[s.LevelStreamingComponentsUnregistrationGranularity:5]]
[2020.04.09-17.59.43:536][  0]LogConfig: Setting CVar [[s.FlushStreamingOnExit:1]]
[2020.04.09-17.59.43:536][  0]LogConfig: Applying CVar settings from Section [/Script/Engine.GarbageCollectionSettings] File [C:/Users/sraso/Documents/GitHub/MOBAGameClient/Saved/Config/Windows/Engine.ini]
[2020.04.09-17.59.43:536][  0]LogConfig: Setting CVar [[gc.MaxObjectsNotConsideredByGC:1]]
[2020.04.09-17.59.43:536][  0]LogConfig: Setting CVar [[gc.SizeOfPermanentObjectPool:0]]
[2020.04.09-17.59.43:536][  0]LogConfig: Setting CVar [[gc.FlushStreamingOnGC:0]]
[2020.04.09-17.59.43:536][  0]LogConfig: Setting CVar [[gc.NumRetriesBeforeForcingGC:10]]
[2020.04.09-17.59.43:536][  0]LogConfig: Setting CVar [[gc.AllowParallelGC:1]]
[2020.04.09-17.59.43:536][  0]LogConfig: Setting CVar [[gc.TimeBetweenPurgingPendingKillObjects:61.1]]
[2020.04.09-17.59.43:536][  0]LogConfig: Setting CVar [[gc.MaxObjectsInEditor:25165824]]
[2020.04.09-17.59.43:536][  0]LogConfig: Setting CVar [[gc.IncrementalBeginDestroyEnabled:1]]
[2020.04.09-17.59.43:536][  0]LogConfig: Setting CVar [[gc.CreateGCClusters:1]]
[2020.04.09-17.59.43:536][  0]LogConfig: Setting CVar [[gc.MinGCClusterSize:5]]
[2020.04.09-17.59.43:536][  0]LogConfig: Setting CVar [[gc.ActorClusteringEnabled:0]]
[2020.04.09-17.59.43:536][  0]LogConfig: Setting CVar [[gc.BlueprintClusteringEnabled:0]]
[2020.04.09-17.59.43:536][  0]LogConfig: Setting CVar [[gc.UseDisregardForGCOnDedicatedServers:0]]
[2020.04.09-17.59.43:536][  0]LogConfig: Applying CVar settings from Section [/Script/Engine.NetworkSettings] File [C:/Users/sraso/Documents/GitHub/MOBAGameClient/Saved/Config/Windows/Engine.ini]
[2020.04.09-17.59.43:536][  0]LogConfig: Applying CVar settings from Section [/Script/UnrealEd.CookerSettings] File [C:/Users/sraso/Documents/GitHub/MOBAGameClient/Saved/Config/Windows/Engine.ini]
[2020.04.09-17.59.43:540][  0]LogConfig: Applying CVar settings from Section [ViewDistanceQuality@3] File [C:/Users/sraso/Documents/GitHub/MOBAGameClient/Saved/Config/Windows/Scalability.ini]
[2020.04.09-17.59.43:540][  0]LogConfig: Setting CVar [[r.SkeletalMeshLODBias:0]]
[2020.04.09-17.59.43:540][  0]LogConfig: Setting CVar [[r.ViewDistanceScale:1.0]]
[2020.04.09-17.59.43:540][  0]LogConfig: Applying CVar settings from Section [AntiAliasingQuality@3] File [C:/Users/sraso/Documents/GitHub/MOBAGameClient/Saved/Config/Windows/Scalability.ini]
[2020.04.09-17.59.43:540][  0]LogConfig: Setting CVar [[r.PostProcessAAQuality:4]]
[2020.04.09-17.59.43:540][  0]LogConfig: Applying CVar settings from Section [ShadowQuality@3] File [C:/Users/sraso/Documents/GitHub/MOBAGameClient/Saved/Config/Windows/Scalability.ini]
[2020.04.09-17.59.43:540][  0]LogConfig: Setting CVar [[r.LightFunctionQuality:1]]
[2020.04.09-17.59.43:540][  0]LogConfig: Setting CVar [[r.ShadowQuality:5]]
[2020.04.09-17.59.43:540][  0]LogConfig: Setting CVar [[r.Shadow.CSM.MaxCascades:10]]
[2020.04.09-17.59.43:540][  0]LogConfig: Setting CVar [[r.Shadow.MaxResolution:2048]]
[2020.04.09-17.59.43:540][  0]LogConfig: Setting CVar [[r.Shadow.MaxCSMResolution:2048]]
[2020.04.09-17.59.43:540][  0]LogConfig: Setting CVar [[r.Shadow.RadiusThreshold:0.01]]
[2020.04.09-17.59.43:540][  0]LogConfig: Setting CVar [[r.Shadow.DistanceScale:1.0]]
[2020.04.09-17.59.43:540][  0]LogConfig: Setting CVar [[r.Shadow.CSM.TransitionScale:1.0]]
[2020.04.09-17.59.43:540][  0]LogConfig: Setting CVar [[r.Shadow.PreShadowResolutionFactor:1.0]]
[2020.04.09-17.59.43:540][  0]LogConfig: Setting CVar [[r.DistanceFieldShadowing:1]]
[2020.04.09-17.59.43:540][  0]LogConfig: Setting CVar [[r.DistanceFieldAO:1]]
[2020.04.09-17.59.43:540][  0]LogConfig: Setting CVar [[r.AOQuality:2]]
[2020.04.09-17.59.43:540][  0]LogConfig: Setting CVar [[r.VolumetricFog:1]]
[2020.04.09-17.59.43:540][  0]LogConfig: Setting CVar [[r.VolumetricFog.GridPixelSize:8]]
[2020.04.09-17.59.43:540][  0]LogConfig: Setting CVar [[r.VolumetricFog.GridSizeZ:128]]
[2020.04.09-17.59.43:540][  0]LogConfig: Setting CVar [[r.VolumetricFog.HistoryMissSupersampleCount:4]]
[2020.04.09-17.59.43:540][  0]LogConfig: Setting CVar [[r.LightMaxDrawDistanceScale:1]]
[2020.04.09-17.59.43:540][  0]LogConfig: Setting CVar [[r.CapsuleShadows:1]]
[2020.04.09-17.59.43:540][  0]LogConfig: Applying CVar settings from Section [PostProcessQuality@3] File [C:/Users/sraso/Documents/GitHub/MOBAGameClient/Saved/Config/Windows/Scalability.ini]
[2020.04.09-17.59.43:540][  0]LogConfig: Setting CVar [[r.MotionBlurQuality:4]]
[2020.04.09-17.59.43:540][  0]LogConfig: Setting CVar [[r.AmbientOcclusionMipLevelFactor:0.4]]
[2020.04.09-17.59.43:540][  0]LogConfig: Setting CVar [[r.AmbientOcclusionMaxQuality:100]]
[2020.04.09-17.59.43:540][  0]LogConfig: Setting CVar [[r.AmbientOcclusionLevels:-1]]
[2020.04.09-17.59.43:540][  0]LogConfig: Setting CVar [[r.AmbientOcclusionRadiusScale:1.0]]
[2020.04.09-17.59.43:541][  0]LogConfig: Setting CVar [[r.DepthOfFieldQuality:2]]
[2020.04.09-17.59.43:541][  0]LogConfig: Setting CVar [[r.RenderTargetPoolMin:400]]
[2020.04.09-17.59.43:541][  0]LogConfig: Setting CVar [[r.LensFlareQuality:2]]
[2020.04.09-17.59.43:541][  0]LogConfig: Setting CVar [[r.SceneColorFringeQuality:1]]
[2020.04.09-17.59.43:541][  0]LogConfig: Setting CVar [[r.EyeAdaptationQuality:2]]
[2020.04.09-17.59.43:541][  0]LogConfig: Setting CVar [[r.BloomQuality:5]]
[2020.04.09-17.59.43:541][  0]LogConfig: Setting CVar [[r.FastBlurThreshold:100]]
[2020.04.09-17.59.43:541][  0]LogConfig: Setting CVar [[r.Upscale.Quality:3]]
[2020.04.09-17.59.43:541][  0]LogConfig: Setting CVar [[r.Tonemapper.GrainQuantization:1]]
[2020.04.09-17.59.43:541][  0]LogConfig: Setting CVar [[r.LightShaftQuality:1]]
[2020.04.09-17.59.43:541][  0]LogConfig: Setting CVar [[r.Filter.SizeScale:1]]
[2020.04.09-17.59.43:541][  0]LogConfig: Setting CVar [[r.Tonemapper.Quality:5]]
[2020.04.09-17.59.43:541][  0]LogConfig: Setting CVar [[r.DOF.Gather.AccumulatorQuality:1        ; higher gathering accumulator quality]]
[2020.04.09-17.59.43:541][  0]LogConfig: Setting CVar [[r.DOF.Gather.PostfilterMethod:1          ; Median3x3 postfilering method]]
[2020.04.09-17.59.43:541][  0]LogConfig: Setting CVar [[r.DOF.Gather.EnableBokehSettings:0       ; no bokeh simulation when gathering]]
[2020.04.09-17.59.43:541][  0]LogConfig: Setting CVar [[r.DOF.Gather.RingCount:4                 ; medium number of samples when gathering]]
[2020.04.09-17.59.43:541][  0]LogConfig: Setting CVar [[r.DOF.Scatter.ForegroundCompositing:1    ; additive foreground scattering]]
[2020.04.09-17.59.43:541][  0]LogConfig: Setting CVar [[r.DOF.Scatter.BackgroundCompositing:2    ; additive background scattering]]
[2020.04.09-17.59.43:541][  0]LogConfig: Setting CVar [[r.DOF.Scatter.EnableBokehSettings:1      ; bokeh simulation when scattering]]
[2020.04.09-17.59.43:541][  0]LogConfig: Setting CVar [[r.DOF.Scatter.MaxSpriteRatio:0.1         ; only a maximum of 10% of scattered bokeh]]
[2020.04.09-17.59.43:541][  0]LogConfig: Setting CVar [[r.DOF.Recombine.Quality:1                ; cheap slight out of focus]]
[2020.04.09-17.59.43:541][  0]LogConfig: Setting CVar [[r.DOF.Recombine.EnableBokehSettings:0    ; no bokeh simulation on slight out of focus]]
[2020.04.09-17.59.43:541][  0]LogConfig: Setting CVar [[r.DOF.TemporalAAQuality:1                ; more stable temporal accumulation]]
[2020.04.09-17.59.43:541][  0]LogConfig: Setting CVar [[r.DOF.Kernel.MaxForegroundRadius:0.025]]
[2020.04.09-17.59.43:541][  0]LogConfig: Setting CVar [[r.DOF.Kernel.MaxBackgroundRadius:0.025]]
[2020.04.09-17.59.43:541][  0]LogConfig: Applying CVar settings from Section [TextureQuality@3] File [C:/Users/sraso/Documents/GitHub/MOBAGameClient/Saved/Config/Windows/Scalability.ini]
[2020.04.09-17.59.43:541][  0]LogConfig: Setting CVar [[r.Streaming.MipBias:0]]
[2020.04.09-17.59.43:541][  0]LogConfig: Setting CVar [[r.Streaming.AmortizeCPUToGPUCopy:0]]
[2020.04.09-17.59.43:541][  0]LogConfig: Setting CVar [[r.Streaming.MaxNumTexturesToStreamPerFrame:0]]
[2020.04.09-17.59.43:541][  0]LogConfig: Setting CVar [[r.Streaming.Boost:1]]
[2020.04.09-17.59.43:541][  0]LogConfig: Setting CVar [[r.MaxAnisotropy:8]]
[2020.04.09-17.59.43:541][  0]LogConfig: Setting CVar [[r.VT.MaxAnisotropy:8]]
[2020.04.09-17.59.43:541][  0]LogConfig: Setting CVar [[r.Streaming.LimitPoolSizeToVRAM:0]]
[2020.04.09-17.59.43:541][  0]LogConfig: Setting CVar [[r.Streaming.PoolSize:1000]]
[2020.04.09-17.59.43:541][  0]LogConfig: Setting CVar [[r.Streaming.MaxEffectiveScreenSize:0]]
[2020.04.09-17.59.43:541][  0]LogConfig: Applying CVar settings from Section [EffectsQuality@3] File [C:/Users/sraso/Documents/GitHub/MOBAGameClient/Saved/Config/Windows/Scalability.ini]
[2020.04.09-17.59.43:541][  0]LogConfig: Setting CVar [[r.TranslucencyLightingVolumeDim:64]]
[2020.04.09-17.59.43:541][  0]LogConfig: Setting CVar [[r.RefractionQuality:2]]
[2020.04.09-17.59.43:541][  0]LogConfig: Setting CVar [[r.SSR.Quality:3]]
[2020.04.09-17.59.43:541][  0]LogConfig: Setting CVar [[r.SSR.HalfResSceneColor:0]]
[2020.04.09-17.59.43:541][  0]LogConfig: Setting CVar [[r.SceneColorFormat:4]]
[2020.04.09-17.59.43:541][  0]LogConfig: Setting CVar [[r.DetailMode:2]]
[2020.04.09-17.59.43:541][  0]LogConfig: Setting CVar [[r.TranslucencyVolumeBlur:1]]
[2020.04.09-17.59.43:541][  0]LogConfig: Setting CVar [[r.MaterialQualityLevel:1 ; High quality]]
[2020.04.09-17.59.43:541][  0]LogConfig: Setting CVar [[r.SSS.Scale:1]]
[2020.04.09-17.59.43:541][  0]LogConfig: Setting CVar [[r.SSS.SampleSet:2]]
[2020.04.09-17.59.43:541][  0]LogConfig: Setting CVar [[r.SSS.Quality:1]]
[2020.04.09-17.59.43:541][  0]LogConfig: Setting CVar [[r.SSS.HalfRes:1]]
[2020.04.09-17.59.43:541][  0]LogConfig: Setting CVar [[r.SSGI.Quality:3]]
[2020.04.09-17.59.43:541][  0]LogConfig: Setting CVar [[r.EmitterSpawnRateScale:1.0]]
[2020.04.09-17.59.43:541][  0]LogConfig: Setting CVar [[r.ParticleLightQuality:2]]
[2020.04.09-17.59.43:541][  0]LogConfig: Setting CVar [[r.SkyAtmosphere.AerialPerspectiveLUT.FastApplyOnOpaque:1 ; Always have FastSkyLUT 1 in this case to avoid wrong sky]]
[2020.04.09-17.59.43:541][  0]LogConfig: Setting CVar [[r.SkyAtmosphere.AerialPerspectiveLUT.SampleCountPerSlice:1]]
[2020.04.09-17.59.43:541][  0]LogConfig: Setting CVar [[r.SkyAtmosphere.AerialPerspectiveLUT.DepthResolution:16.0]]
[2020.04.09-17.59.43:541][  0]LogConfig: Setting CVar [[r.SkyAtmosphere.FastSkyLUT:1]]
[2020.04.09-17.59.43:541][  0]LogConfig: Setting CVar [[r.SkyAtmosphere.FastSkyLUT.SampleCountMin:4.0]]
[2020.04.09-17.59.43:541][  0]LogConfig: Setting CVar [[r.SkyAtmosphere.FastSkyLUT.SampleCountMax:32.0]]
[2020.04.09-17.59.43:541][  0]LogConfig: Setting CVar [[r.SkyAtmosphere.SampleCountMin:4.0]]
[2020.04.09-17.59.43:541][  0]LogConfig: Setting CVar [[r.SkyAtmosphere.SampleCountMax:32.0]]
[2020.04.09-17.59.43:541][  0]LogConfig: Setting CVar [[r.SkyAtmosphere.TransmittanceLUT.UseSmallFormat:0]]
[2020.04.09-17.59.43:541][  0]LogConfig: Setting CVar [[r.SkyAtmosphere.TransmittanceLUT.SampleCount:10.0]]
[2020.04.09-17.59.43:541][  0]LogConfig: Setting CVar [[r.SkyAtmosphere.MultiScatteringLUT.SampleCount:15.0]]
[2020.04.09-17.59.43:541][  0]LogConfig: Applying CVar settings from Section [FoliageQuality@3] File [C:/Users/sraso/Documents/GitHub/MOBAGameClient/Saved/Config/Windows/Scalability.ini]
[2020.04.09-17.59.43:541][  0]LogConfig: Setting CVar [[foliage.DensityScale:1.0]]
[2020.04.09-17.59.43:541][  0]LogConfig: Setting CVar [[grass.DensityScale:1.0]]
[2020.04.09-17.59.43:541][  0]LogConfig: Applying CVar settings from Section [ShadingQuality@3] File [C:/Users/sraso/Documents/GitHub/MOBAGameClient/Saved/Config/Windows/Scalability.ini]
[2020.04.09-17.59.43:541][  0]LogConfig: Setting CVar [[r.HairStrands.SkyLighting.SampleCount:16]]
[2020.04.09-17.59.43:541][  0]LogConfig: Setting CVar [[r.HairStrands.SkyLighting.JitterIntegration:0]]
[2020.04.09-17.59.43:541][  0]LogConfig: Setting CVar [[r.HairStrands.SkyAO.SampleCount:16]]
[2020.04.09-17.59.43:541][  0]LogInit: Selected Device Profile: [Windows]
[2020.04.09-17.59.43:541][  0]LogInit: Applying CVar settings loaded from the selected device profile: [Windows]
[2020.04.09-17.59.43:544][  0]LogHAL: Display: Platform has ~ 16 GB [17107701760 / 17179869184 / 16], which maps to Larger [LargestMinGB=32, LargerMinGB=12, DefaultMinGB=8, SmallerMinGB=6, SmallestMinGB=0)
[2020.04.09-17.59.43:544][  0]LogInit: Going up to parent DeviceProfile []
[2020.04.09-17.59.43:544][  0]LogConfig: Applying CVar settings from Section [ViewDistanceQuality@3] File [C:/Users/sraso/Documents/GitHub/MOBAGameClient/Saved/Config/Windows/Scalability.ini]
[2020.04.09-17.59.43:544][  0]LogConfig: Setting CVar [[r.SkeletalMeshLODBias:0]]
[2020.04.09-17.59.43:544][  0]LogConfig: Setting CVar [[r.ViewDistanceScale:1.0]]
[2020.04.09-17.59.43:544][  0]LogConfig: Applying CVar settings from Section [AntiAliasingQuality@3] File [C:/Users/sraso/Documents/GitHub/MOBAGameClient/Saved/Config/Windows/Scalability.ini]
[2020.04.09-17.59.43:544][  0]LogConfig: Setting CVar [[r.PostProcessAAQuality:4]]
[2020.04.09-17.59.43:544][  0]LogConfig: Applying CVar settings from Section [ShadowQuality@3] File [C:/Users/sraso/Documents/GitHub/MOBAGameClient/Saved/Config/Windows/Scalability.ini]
[2020.04.09-17.59.43:544][  0]LogConfig: Setting CVar [[r.LightFunctionQuality:1]]
[2020.04.09-17.59.43:544][  0]LogConfig: Setting CVar [[r.ShadowQuality:5]]
[2020.04.09-17.59.43:544][  0]LogConfig: Setting CVar [[r.Shadow.CSM.MaxCascades:10]]
[2020.04.09-17.59.43:544][  0]LogConfig: Setting CVar [[r.Shadow.MaxResolution:2048]]
[2020.04.09-17.59.43:544][  0]LogConfig: Setting CVar [[r.Shadow.MaxCSMResolution:2048]]
[2020.04.09-17.59.43:544][  0]LogConfig: Setting CVar [[r.Shadow.RadiusThreshold:0.01]]
[2020.04.09-17.59.43:544][  0]LogConfig: Setting CVar [[r.Shadow.DistanceScale:1.0]]
[2020.04.09-17.59.43:544][  0]LogConfig: Setting CVar [[r.Shadow.CSM.TransitionScale:1.0]]
[2020.04.09-17.59.43:544][  0]LogConfig: Setting CVar [[r.Shadow.PreShadowResolutionFactor:1.0]]
[2020.04.09-17.59.43:544][  0]LogConfig: Setting CVar [[r.DistanceFieldShadowing:1]]
[2020.04.09-17.59.43:544][  0]LogConfig: Setting CVar [[r.DistanceFieldAO:1]]
[2020.04.09-17.59.43:544][  0]LogConfig: Setting CVar [[r.AOQuality:2]]
[2020.04.09-17.59.43:544][  0]LogConfig: Setting CVar [[r.VolumetricFog:1]]
[2020.04.09-17.59.43:544][  0]LogConfig: Setting CVar [[r.VolumetricFog.GridPixelSize:8]]
[2020.04.09-17.59.43:544][  0]LogConfig: Setting CVar [[r.VolumetricFog.GridSizeZ:128]]
[2020.04.09-17.59.43:544][  0]LogConfig: Setting CVar [[r.VolumetricFog.HistoryMissSupersampleCount:4]]
[2020.04.09-17.59.43:544][  0]LogConfig: Setting CVar [[r.LightMaxDrawDistanceScale:1]]
[2020.04.09-17.59.43:544][  0]LogConfig: Setting CVar [[r.CapsuleShadows:1]]
[2020.04.09-17.59.43:544][  0]LogConfig: Applying CVar settings from Section [PostProcessQuality@3] File [C:/Users/sraso/Documents/GitHub/MOBAGameClient/Saved/Config/Windows/Scalability.ini]
[2020.04.09-17.59.43:544][  0]LogConfig: Setting CVar [[r.MotionBlurQuality:4]]
[2020.04.09-17.59.43:544][  0]LogConfig: Setting CVar [[r.AmbientOcclusionMipLevelFactor:0.4]]
[2020.04.09-17.59.43:545][  0]LogConfig: Setting CVar [[r.AmbientOcclusionMaxQuality:100]]
[2020.04.09-17.59.43:545][  0]LogConfig: Setting CVar [[r.AmbientOcclusionLevels:-1]]
[2020.04.09-17.59.43:545][  0]LogConfig: Setting CVar [[r.AmbientOcclusionRadiusScale:1.0]]
[2020.04.09-17.59.43:545][  0]LogConfig: Setting CVar [[r.DepthOfFieldQuality:2]]
[2020.04.09-17.59.43:545][  0]LogConfig: Setting CVar [[r.RenderTargetPoolMin:400]]
[2020.04.09-17.59.43:545][  0]LogConfig: Setting CVar [[r.LensFlareQuality:2]]
[2020.04.09-17.59.43:545][  0]LogConfig: Setting CVar [[r.SceneColorFringeQuality:1]]
[2020.04.09-17.59.43:545][  0]LogConfig: Setting CVar [[r.EyeAdaptationQuality:2]]
[2020.04.09-17.59.43:545][  0]LogConfig: Setting CVar [[r.BloomQuality:5]]
[2020.04.09-17.59.43:545][  0]LogConfig: Setting CVar [[r.FastBlurThreshold:100]]
[2020.04.09-17.59.43:545][  0]LogConfig: Setting CVar [[r.Upscale.Quality:3]]
[2020.04.09-17.59.43:545][  0]LogConfig: Setting CVar [[r.Tonemapper.GrainQuantization:1]]
[2020.04.09-17.59.43:545][  0]LogConfig: Setting CVar [[r.LightShaftQuality:1]]
[2020.04.09-17.59.43:545][  0]LogConfig: Setting CVar [[r.Filter.SizeScale:1]]
[2020.04.09-17.59.43:545][  0]LogConfig: Setting CVar [[r.Tonemapper.Quality:5]]
[2020.04.09-17.59.43:545][  0]LogConfig: Setting CVar [[r.DOF.Gather.AccumulatorQuality:1        ; higher gathering accumulator quality]]
[2020.04.09-17.59.43:545][  0]LogConfig: Setting CVar [[r.DOF.Gather.PostfilterMethod:1          ; Median3x3 postfilering method]]
[2020.04.09-17.59.43:545][  0]LogConfig: Setting CVar [[r.DOF.Gather.EnableBokehSettings:0       ; no bokeh simulation when gathering]]
[2020.04.09-17.59.43:545][  0]LogConfig: Setting CVar [[r.DOF.Gather.RingCount:4                 ; medium number of samples when gathering]]
[2020.04.09-17.59.43:545][  0]LogConfig: Setting CVar [[r.DOF.Scatter.ForegroundCompositing:1    ; additive foreground scattering]]
[2020.04.09-17.59.43:545][  0]LogConfig: Setting CVar [[r.DOF.Scatter.BackgroundCompositing:2    ; additive background scattering]]
[2020.04.09-17.59.43:545][  0]LogConfig: Setting CVar [[r.DOF.Scatter.EnableBokehSettings:1      ; bokeh simulation when scattering]]
[2020.04.09-17.59.43:545][  0]LogConfig: Setting CVar [[r.DOF.Scatter.MaxSpriteRatio:0.1         ; only a maximum of 10% of scattered bokeh]]
[2020.04.09-17.59.43:545][  0]LogConfig: Setting CVar [[r.DOF.Recombine.Quality:1                ; cheap slight out of focus]]
[2020.04.09-17.59.43:545][  0]LogConfig: Setting CVar [[r.DOF.Recombine.EnableBokehSettings:0    ; no bokeh simulation on slight out of focus]]
[2020.04.09-17.59.43:545][  0]LogConfig: Setting CVar [[r.DOF.TemporalAAQuality:1                ; more stable temporal accumulation]]
[2020.04.09-17.59.43:545][  0]LogConfig: Setting CVar [[r.DOF.Kernel.MaxForegroundRadius:0.025]]
[2020.04.09-17.59.43:545][  0]LogConfig: Setting CVar [[r.DOF.Kernel.MaxBackgroundRadius:0.025]]
[2020.04.09-17.59.43:545][  0]LogConfig: Applying CVar settings from Section [TextureQuality@3] File [C:/Users/sraso/Documents/GitHub/MOBAGameClient/Saved/Config/Windows/Scalability.ini]
[2020.04.09-17.59.43:545][  0]LogConfig: Setting CVar [[r.Streaming.MipBias:0]]
[2020.04.09-17.59.43:545][  0]LogConfig: Setting CVar [[r.Streaming.AmortizeCPUToGPUCopy:0]]
[2020.04.09-17.59.43:545][  0]LogConfig: Setting CVar [[r.Streaming.MaxNumTexturesToStreamPerFrame:0]]
[2020.04.09-17.59.43:545][  0]LogConfig: Setting CVar [[r.Streaming.Boost:1]]
[2020.04.09-17.59.43:545][  0]LogConfig: Setting CVar [[r.MaxAnisotropy:8]]
[2020.04.09-17.59.43:545][  0]LogConfig: Setting CVar [[r.VT.MaxAnisotropy:8]]
[2020.04.09-17.59.43:545][  0]LogConfig: Setting CVar [[r.Streaming.LimitPoolSizeToVRAM:0]]
[2020.04.09-17.59.43:545][  0]LogConfig: Setting CVar [[r.Streaming.PoolSize:1000]]
[2020.04.09-17.59.43:545][  0]LogConfig: Setting CVar [[r.Streaming.MaxEffectiveScreenSize:0]]
[2020.04.09-17.59.43:545][  0]LogConfig: Applying CVar settings from Section [EffectsQuality@3] File [C:/Users/sraso/Documents/GitHub/MOBAGameClient/Saved/Config/Windows/Scalability.ini]
[2020.04.09-17.59.43:545][  0]LogConfig: Setting CVar [[r.TranslucencyLightingVolumeDim:64]]
[2020.04.09-17.59.43:545][  0]LogConfig: Setting CVar [[r.RefractionQuality:2]]
[2020.04.09-17.59.43:545][  0]LogConfig: Setting CVar [[r.SSR.Quality:3]]
[2020.04.09-17.59.43:545][  0]LogConfig: Setting CVar [[r.SSR.HalfResSceneColor:0]]
[2020.04.09-17.59.43:545][  0]LogConfig: Setting CVar [[r.SceneColorFormat:4]]
[2020.04.09-17.59.43:545][  0]LogConfig: Setting CVar [[r.DetailMode:2]]
[2020.04.09-17.59.43:545][  0]LogConfig: Setting CVar [[r.TranslucencyVolumeBlur:1]]
[2020.04.09-17.59.43:545][  0]LogConfig: Setting CVar [[r.MaterialQualityLevel:1 ; High quality]]
[2020.04.09-17.59.43:545][  0]LogConfig: Setting CVar [[r.SSS.Scale:1]]
[2020.04.09-17.59.43:545][  0]LogConfig: Setting CVar [[r.SSS.SampleSet:2]]
[2020.04.09-17.59.43:545][  0]LogConfig: Setting CVar [[r.SSS.Quality:1]]
[2020.04.09-17.59.43:545][  0]LogConfig: Setting CVar [[r.SSS.HalfRes:1]]
[2020.04.09-17.59.43:545][  0]LogConfig: Setting CVar [[r.SSGI.Quality:3]]
[2020.04.09-17.59.43:545][  0]LogConfig: Setting CVar [[r.EmitterSpawnRateScale:1.0]]
[2020.04.09-17.59.43:545][  0]LogConfig: Setting CVar [[r.ParticleLightQuality:2]]
[2020.04.09-17.59.43:545][  0]LogConfig: Setting CVar [[r.SkyAtmosphere.AerialPerspectiveLUT.FastApplyOnOpaque:1 ; Always have FastSkyLUT 1 in this case to avoid wrong sky]]
[2020.04.09-17.59.43:545][  0]LogConfig: Setting CVar [[r.SkyAtmosphere.AerialPerspectiveLUT.SampleCountPerSlice:1]]
[2020.04.09-17.59.43:545][  0]LogConfig: Setting CVar [[r.SkyAtmosphere.AerialPerspectiveLUT.DepthResolution:16.0]]
[2020.04.09-17.59.43:545][  0]LogConfig: Setting CVar [[r.SkyAtmosphere.FastSkyLUT:1]]
[2020.04.09-17.59.43:545][  0]LogConfig: Setting CVar [[r.SkyAtmosphere.FastSkyLUT.SampleCountMin:4.0]]
[2020.04.09-17.59.43:545][  0]LogConfig: Setting CVar [[r.SkyAtmosphere.FastSkyLUT.SampleCountMax:32.0]]
[2020.04.09-17.59.43:545][  0]LogConfig: Setting CVar [[r.SkyAtmosphere.SampleCountMin:4.0]]
[2020.04.09-17.59.43:545][  0]LogConfig: Setting CVar [[r.SkyAtmosphere.SampleCountMax:32.0]]
[2020.04.09-17.59.43:545][  0]LogConfig: Setting CVar [[r.SkyAtmosphere.TransmittanceLUT.UseSmallFormat:0]]
[2020.04.09-17.59.43:545][  0]LogConfig: Setting CVar [[r.SkyAtmosphere.TransmittanceLUT.SampleCount:10.0]]
[2020.04.09-17.59.43:545][  0]LogConfig: Setting CVar [[r.SkyAtmosphere.MultiScatteringLUT.SampleCount:15.0]]
[2020.04.09-17.59.43:545][  0]LogConfig: Applying CVar settings from Section [FoliageQuality@3] File [C:/Users/sraso/Documents/GitHub/MOBAGameClient/Saved/Config/Windows/Scalability.ini]
[2020.04.09-17.59.43:545][  0]LogConfig: Setting CVar [[foliage.DensityScale:1.0]]
[2020.04.09-17.59.43:545][  0]LogConfig: Setting CVar [[grass.DensityScale:1.0]]
[2020.04.09-17.59.43:545][  0]LogConfig: Applying CVar settings from Section [ShadingQuality@3] File [C:/Users/sraso/Documents/GitHub/MOBAGameClient/Saved/Config/Windows/Scalability.ini]
[2020.04.09-17.59.43:545][  0]LogConfig: Setting CVar [[r.HairStrands.SkyLighting.SampleCount:16]]
[2020.04.09-17.59.43:545][  0]LogConfig: Setting CVar [[r.HairStrands.SkyLighting.JitterIntegration:0]]
[2020.04.09-17.59.43:545][  0]LogConfig: Setting CVar [[r.HairStrands.SkyAO.SampleCount:16]]
[2020.04.09-17.59.43:545][  0]LogConfig: Applying CVar settings from Section [Startup] File [../../../Engine/Config/ConsoleVariables.ini]
[2020.04.09-17.59.43:546][  0]LogConfig: Setting CVar [[net.UseAdaptiveNetUpdateFrequency:0]]
[2020.04.09-17.59.43:546][  0]LogConfig: Setting CVar [[p.chaos.AllowCreatePhysxBodies:1]]
[2020.04.09-17.59.43:546][  0]LogConfig: Applying CVar settings from Section [ConsoleVariables] File [C:/Users/sraso/Documents/GitHub/MOBAGameClient/Saved/Config/Windows/Engine.ini]
[2020.04.09-17.59.43:546][  0]LogInit: Computer: DESKTOP-2HFG78T
[2020.04.09-17.59.43:546][  0]LogInit: User: sraso
[2020.04.09-17.59.43:546][  0]LogInit: CPU Page size=4096, Cores=8
[2020.04.09-17.59.43:546][  0]LogInit: High frequency timer resolution =10.000000 MHz
[2020.04.09-17.59.43:546][  0]LogMemory: Memory total: Physical=15.9GB (16GB approx)
[2020.04.09-17.59.43:546][  0]LogMemory: Platform Memory Stats for Windows
[2020.04.09-17.59.43:546][  0]LogMemory: Process Physical Memory: 107.27 MB used, 107.28 MB peak
[2020.04.09-17.59.43:546][  0]LogMemory: Process Virtual Memory: 102.27 MB used, 102.27 MB peak
[2020.04.09-17.59.43:546][  0]LogMemory: Physical Memory: 6451.23 MB used,  9863.95 MB free, 16315.18 MB total
[2020.04.09-17.59.43:546][  0]LogMemory: Virtual Memory: 5179.32 MB used,  134212552.00 MB free, 134217728.00 MB total
[2020.04.09-17.59.43:548][  0]LogWindows: WindowsPlatformFeatures enabled
[2020.04.09-17.59.43:567][  0]LogInit: Using OS detected language (en-US).
[2020.04.09-17.59.43:567][  0]LogInit: Using OS detected locale (en-US).
[2020.04.09-17.59.43:568][  0]LogTextLocalizationManager: No specific localization for 'en-US' exists, so the 'en' localization will be used.
[2020.04.09-17.59.43:712][  0]LogInit: Setting process to per monitor DPI aware
[2020.04.09-17.59.43:744][  0]LogSlate: New Slate User Created.  User Index 0, Is Virtual User: 0
[2020.04.09-17.59.43:744][  0]LogSlate: Slate User Registered.  User Index 0, Is Virtual User: 0
[2020.04.09-17.59.43:879][  0]LogD3D12RHI: Aftermath initialized
[2020.04.09-17.59.43:879][  0]LogD3D12RHI: Loading WinPixEventRuntime.dll for PIX profiling (from ../../../Engine/Binaries/ThirdParty/Windows/DirectX/x64).
[2020.04.09-17.59.43:884][  0]LogHMD: Failed to initialize OpenVR with code 110
[2020.04.09-17.59.43:986][  0]LogD3D12RHI: Found D3D12 adapter 0: NVIDIA GeForce GTX 1080 (Max supported Feature Level 12_1)
[2020.04.09-17.59.43:986][  0]LogD3D12RHI: Adapter has 8079MB of dedicated video memory, 0MB of dedicated system memory, and 8157MB of shared system memory, 2 output[s]
[2020.04.09-17.59.43:996][  0]LogD3D12RHI: Found D3D12 adapter 1: Microsoft Basic Render Driver (Max supported Feature Level 12_1)
[2020.04.09-17.59.43:996][  0]LogD3D12RHI: Adapter has 0MB of dedicated video memory, 0MB of dedicated system memory, and 8157MB of shared system memory, 0 output[s]
[2020.04.09-17.59.43:996][  0]LogD3D12RHI: Forcing D3D12.AsyncDeferredDeletion=0 as a workaround for a deadlock.
[2020.04.09-17.59.43:996][  0]LogD3D12RHI: Chosen D3D12 Adapter Id = 0
[2020.04.09-17.59.44:004][  0]LogD3D12RHI: Emitting draw events for PIX profiling.
[2020.04.09-17.59.44:081][  0]LogD3D12RHI: D3D12 ray tracing enabled.
[2020.04.09-17.59.44:081][  0]LogD3D12RHI: The system supports ID3D12Device1.
[2020.04.09-17.59.44:081][  0]LogD3D12RHI: The system supports ID3D12Device2.
[2020.04.09-17.59.44:210][  0]LogD3D12RHI: Display: Not using pipeline state disk cache per r.D3D12.PSO.DiskCache=0
[2020.04.09-17.59.44:210][  0]LogD3D12RHI: Display: Not using driver-optimized pipeline state disk cache per r.D3D12.PSO.DriverOptimizedDiskCache=0
[2020.04.09-17.59.44:211][  0]LogD3D12RHI:     GPU DeviceId: 0x1b80 (for the marketing name, search the web for "GPU Device Id")
[2020.04.09-17.59.44:212][  0]LogWindows: EnumDisplayDevices:
[2020.04.09-17.59.44:212][  0]LogWindows:    0. 'NVIDIA GeForce GTX 1080' (P:1 D:1)
[2020.04.09-17.59.44:212][  0]LogWindows:    1. 'NVIDIA GeForce GTX 1080' (P:0 D:1)
[2020.04.09-17.59.44:212][  0]LogWindows:    2. 'NVIDIA GeForce GTX 1080' (P:0 D:0)
[2020.04.09-17.59.44:212][  0]LogWindows:    3. 'NVIDIA GeForce GTX 1080' (P:0 D:0)
[2020.04.09-17.59.44:213][  0]LogWindows: DebugString: FoundDriverCount:4 
[2020.04.09-17.59.44:213][  0]LogD3D12RHI:     Adapter Name: NVIDIA GeForce GTX 1080
[2020.04.09-17.59.44:213][  0]LogD3D12RHI:   Driver Version: 442.59 (internal:26.21.14.4259, unified:442.59)
[2020.04.09-17.59.44:213][  0]LogD3D12RHI:      Driver Date: 3-4-2020
[2020.04.09-17.59.44:213][  0]LogRHI: Texture pool is 4326 MB (70% of 6180 MB)
[2020.04.09-17.59.44:213][  0]LogD3D12RHI: Async texture creation enabled
[2020.04.09-17.59.44:213][  0]LogD3D12RHI: RHI has support for 64 bit atomics
[2020.04.09-17.59.44:478][  0]LogTargetPlatformManager: Display: Loaded TargetPlatform 'AllDesktop'
[2020.04.09-17.59.44:507][  0]LogTargetPlatformManager: Display: Loaded TargetPlatform 'Android'
[2020.04.09-17.59.44:507][  0]LogTargetPlatformManager: Display: Loaded TargetPlatform 'Android_ASTC'
[2020.04.09-17.59.44:507][  0]LogTargetPlatformManager: Display: Loaded TargetPlatform 'Android_ATC'
[2020.04.09-17.59.44:507][  0]LogTargetPlatformManager: Display: Loaded TargetPlatform 'Android_DXT'
[2020.04.09-17.59.44:507][  0]LogTargetPlatformManager: Display: Loaded TargetPlatform 'Android_ETC1'
[2020.04.09-17.59.44:507][  0]LogTargetPlatformManager: Display: Loaded TargetPlatform 'Android_ETC1a'
[2020.04.09-17.59.44:507][  0]LogTargetPlatformManager: Display: Loaded TargetPlatform 'Android_ETC2'
[2020.04.09-17.59.44:507][  0]LogTargetPlatformManager: Display: Loaded TargetPlatform 'Android_PVRTC'
[2020.04.09-17.59.44:507][  0]LogTargetPlatformManager: Display: Loaded TargetPlatform 'AndroidClient'
[2020.04.09-17.59.44:507][  0]LogTargetPlatformManager: Display: Loaded TargetPlatform 'Android_ASTCClient'
[2020.04.09-17.59.44:507][  0]LogTargetPlatformManager: Display: Loaded TargetPlatform 'Android_ATCClient'
[2020.04.09-17.59.44:507][  0]LogTargetPlatformManager: Display: Loaded TargetPlatform 'Android_DXTClient'
[2020.04.09-17.59.44:507][  0]LogTargetPlatformManager: Display: Loaded TargetPlatform 'Android_ETC1Client'
[2020.04.09-17.59.44:507][  0]LogTargetPlatformManager: Display: Loaded TargetPlatform 'Android_ETC1aClient'
[2020.04.09-17.59.44:507][  0]LogTargetPlatformManager: Display: Loaded TargetPlatform 'Android_ETC2Client'
[2020.04.09-17.59.44:507][  0]LogTargetPlatformManager: Display: Loaded TargetPlatform 'Android_PVRTCClient'
[2020.04.09-17.59.44:507][  0]LogTargetPlatformManager: Display: Loaded TargetPlatform 'Android_Multi'
[2020.04.09-17.59.44:507][  0]LogTargetPlatformManager: Display: Loaded TargetPlatform 'Android_MultiClient'
[2020.04.09-17.59.44:526][  0]LogTargetPlatformManager: Display: Loaded TargetPlatform 'IOSClient'
[2020.04.09-17.59.44:526][  0]LogTargetPlatformManager: Display: Loaded TargetPlatform 'IOS'
[2020.04.09-17.59.44:532][  0]LogTargetPlatformManager: Display: Loaded TargetPlatform 'LinuxNoEditor'
[2020.04.09-17.59.44:539][  0]LogTargetPlatformManager: Display: Loaded TargetPlatform 'LinuxClient'
[2020.04.09-17.59.44:547][  0]LogTargetPlatformManager: Display: Loaded TargetPlatform 'LinuxServer'
[2020.04.09-17.59.44:554][  0]LogTargetPlatformManager: Display: Loaded TargetPlatform 'LinuxAArch64NoEditor'
[2020.04.09-17.59.44:561][  0]LogTargetPlatformManager: Display: Loaded TargetPlatform 'LinuxAArch64Client'
[2020.04.09-17.59.44:568][  0]LogTargetPlatformManager: Display: Loaded TargetPlatform 'LinuxAArch64Server'
[2020.04.09-17.59.44:591][  0]LogTargetPlatformManager: Display: Loaded TargetPlatform 'Lumin'
[2020.04.09-17.59.44:591][  0]LogTargetPlatformManager: Display: Loaded TargetPlatform 'LuminClient'
[2020.04.09-17.59.44:605][  0]LogTargetPlatformManager: Display: Loaded TargetPlatform 'TVOSClient'
[2020.04.09-17.59.44:605][  0]LogTargetPlatformManager: Display: Loaded TargetPlatform 'TVOS'
[2020.04.09-17.59.44:613][  0]LogTargetPlatformManager: Display: Loaded TargetPlatform 'WindowsNoEditor'
[2020.04.09-17.59.44:620][  0]LogTargetPlatformManager: Display: Loaded TargetPlatform 'Windows'
[2020.04.09-17.59.44:627][  0]LogTargetPlatformManager: Display: Loaded TargetPlatform 'WindowsClient'
[2020.04.09-17.59.44:634][  0]LogTargetPlatformManager: Display: Loaded TargetPlatform 'WindowsServer'
[2020.04.09-17.59.44:634][  0]LogTargetPlatformManager: Display: Building Assets For Windows
[2020.04.09-17.59.44:637][  0]LogAudioDebug: Display: Lib vorbis DLL was dynamically loaded.
[2020.04.09-17.59.44:658][  0]LogShaderCompilers: Guid format shader working directory is -16 characters bigger than the processId version (../../../../../../Users/sraso/Documents/GitHub/MOBAGameClient/Intermediate/Shaders/WorkingDirectory/13592/).
[2020.04.09-17.59.44:658][  0]LogShaderCompilers: Cleaned the shader compiler working directory 'C:/Users/sraso/AppData/Local/Temp/UnrealShaderWorkingDir/6C60E1C6403AE6A09D6403A19C7BE962/'.
[2020.04.09-17.59.44:659][  0]LogXGEController: Cleaning working directory: C:/Users/sraso/AppData/Local/Temp/UnrealXGEWorkingDir/
[2020.04.09-17.59.44:659][  0]LogXGEController: Cannot use XGE Controller as Incredibuild is not installed on this machine.
[2020.04.09-17.59.44:659][  0]LogShaderCompilers: Cannot use XGE Shader Compiler as Incredibuild is not installed on this machine.
[2020.04.09-17.59.44:659][  0]LogShaderCompilers: Display: Using Local Shader Compiler.
[2020.04.09-17.59.45:334][  0]LogDerivedDataCache: Display: Max Cache Size: 512 MB
[2020.04.09-17.59.45:388][  0]LogDerivedDataCache: Loaded boot cache 0.05s 97MB C:/Users/sraso/AppData/Local/UnrealEngine/4.24/DerivedDataCache/Boot.ddc.
[2020.04.09-17.59.45:388][  0]LogDerivedDataCache: Display: Loaded Boot cache: C:/Users/sraso/AppData/Local/UnrealEngine/4.24/DerivedDataCache/Boot.ddc
[2020.04.09-17.59.45:388][  0]LogDerivedDataCache: FDerivedDataBackendGraph:  Pak pak cache file ../../../../../../Users/sraso/Documents/GitHub/MOBAGameClient/DerivedDataCache/DDC.ddp not found, will not use a pak cache.
[2020.04.09-17.59.45:388][  0]LogDerivedDataCache: Unable to find inner node Pak for hierarchical cache Hierarchy.
[2020.04.09-17.59.45:388][  0]LogDerivedDataCache: FDerivedDataBackendGraph:  CompressedPak pak cache file ../../../../../../Users/sraso/Documents/GitHub/MOBAGameClient/DerivedDataCache/Compressed.ddp not found, will not use a pak cache.
[2020.04.09-17.59.45:388][  0]LogDerivedDataCache: Unable to find inner node CompressedPak for hierarchical cache Hierarchy.
[2020.04.09-17.59.45:398][  0]LogDerivedDataCache: Display: Pak cache opened for reading ../../../Engine/DerivedDataCache/Compressed.ddp.
[2020.04.09-17.59.45:398][  0]LogDerivedDataCache: FDerivedDataBackendGraph:  EnterprisePak pak cache file ../../../Enterprise/DerivedDataCache/Compressed.ddp not found, will not use a pak cache.
[2020.04.09-17.59.45:398][  0]LogDerivedDataCache: Unable to find inner node EnterprisePak for hierarchical cache Hierarchy.
[2020.04.09-17.59.45:399][  0]LogDerivedDataCache: Using Local data cache path C:/Users/sraso/AppData/Local/UnrealEngine/Common/DerivedDataCache: Writable
[2020.04.09-17.59.45:399][  0]LogDerivedDataCache: Shared data cache path not found in *engine.ini, will not use an Shared cache.
[2020.04.09-17.59.45:399][  0]LogDerivedDataCache: Unable to find inner node Shared for hierarchical cache Hierarchy.
[2020.04.09-17.59.45:428][  0]LogMaterial: Verifying Global Shaders for PCD3D_SM5
[2020.04.09-17.59.45:430][  0]LogSlate: Using FreeType 2.10.0
[2020.04.09-17.59.45:431][  0]LogSlate: SlateFontServices - WITH_FREETYPE: 1, WITH_HARFBUZZ: 1
[2020.04.09-17.59.45:477][  0]LogAssetRegistry: FAssetRegistry took 0.0030 seconds to start up
[2020.04.09-17.59.45:748][  0]LogInit: Selected Device Profile: [Windows]
[2020.04.09-17.59.45:895][  0]LogMeshReduction: Using QuadricMeshReduction for automatic static mesh reduction
[2020.04.09-17.59.45:895][  0]LogMeshReduction: Using SimplygonMeshReduction for automatic skeletal mesh reduction
[2020.04.09-17.59.45:895][  0]LogMeshReduction: Using ProxyLODMeshReduction for automatic mesh merging
[2020.04.09-17.59.45:895][  0]LogMeshReduction: No distributed automatic mesh merging module available
[2020.04.09-17.59.45:895][  0]LogMeshMerging: No distributed automatic mesh merging module available
[2020.04.09-17.59.45:929][  0]LogNetVersion: MOBAGameClient 1.0.0, NetCL: 10570792, EngineNetVer: 13, GameNetVer: 0 (Checksum: 1678612719)
[2020.04.09-17.59.46:855][  0]LogPackageLocalizationCache: Processed 10 localized package path(s) for 1 prioritized culture(s) in 0.046822 seconds
[2020.04.09-17.59.46:863][  0]LogUObjectArray: 46750 objects as part of root set at end of initial load.
[2020.04.09-17.59.46:863][  0]LogUObjectAllocator: 8137160 out of 0 bytes used by permanent object pool.
[2020.04.09-17.59.46:863][  0]LogUObjectArray: CloseDisregardForGC: 0/0 objects in disregard for GC pool
[2020.04.09-17.59.46:952][  0]LogD3D12RHI: Creating RTPSO with 3 shaders (0 cached, 3 new) took 19.34 ms. Compile time 8.19 ms, link time 10.99 ms.
[2020.04.09-17.59.47:264][  0]LogTcpMessaging: Initializing TcpMessaging bridge
[2020.04.09-17.59.47:268][  0]LogUdpMessaging: Initializing bridge on interface 0.0.0.0:0 to multicast group 230.0.0.1:6666.
[2020.04.09-17.59.47:319][  0]SourceControl: Source control is disabled
[2020.04.09-17.59.47:319][  0]SourceControl: Source control is disabled
[2020.04.09-17.59.47:320][  0]SourceControl: Source control is disabled
[2020.04.09-17.59.47:321][  0]SourceControl: Source control is disabled
[2020.04.09-17.59.47:321][  0]SourceControl: Source control is disabled
[2020.04.09-17.59.47:398][  0]LogAndroidPermission: UAndroidPermissionCallbackProxy::GetInstance
[2020.04.09-17.59.47:409][  0]LogAudioCaptureCore: Display: No Audio Capture implementations found. Audio input will be silent.
[2020.04.09-17.59.47:409][  0]LogAudioCaptureCore: Display: No Audio Capture implementations found. Audio input will be silent.
[2020.04.09-17.59.47:490][  0]LogOcInput: OculusInput pre-init called
[2020.04.09-17.59.47:497][  0]LogWindows: Failed to load 'OVRPlugin.dll' (GetLastError=126)
[2020.04.09-17.59.47:497][  0]LogWindows: File 'OVRPlugin.dll' does not exist
[2020.04.09-17.59.47:565][  0]LogEngine: Initializing Engine...
[2020.04.09-17.59.47:566][  0]LogHMD: Failed to initialize OpenVR with code 110
[2020.04.09-17.59.47:567][  0]LogStats: UGameplayTagsManager::InitializeManager -  0.000 s
[2020.04.09-17.59.47:890][  0]LogInit: Initializing FReadOnlyCVARCache
[2020.04.09-17.59.47:897][  0]LogAIModule: Creating AISystem for world Untitled
[2020.04.09-17.59.47:900][  0]LogAudioMixer: Display: Audio Mixer Platform Settings:
[2020.04.09-17.59.47:900][  0]LogAudioMixer: Display: 	Sample Rate:						  48000
[2020.04.09-17.59.47:900][  0]LogAudioMixer: Display: 	Callback Buffer Frame Size Requested: 1024
[2020.04.09-17.59.47:900][  0]LogAudioMixer: Display: 	Callback Buffer Frame Size To Use:	  1024
[2020.04.09-17.59.47:900][  0]LogAudioMixer: Display: 	Number of buffers to queue:			  2
[2020.04.09-17.59.47:900][  0]LogAudioMixer: Display: 	Max Channels (voices):				  32
[2020.04.09-17.59.47:900][  0]LogAudioMixer: Display: 	Number of Async Source Workers:		  0
[2020.04.09-17.59.47:900][  0]LogAudio: Display: AudioDevice MaxSources: 32
[2020.04.09-17.59.47:900][  0]LogAudio: Display: Using built-in audio occlusion.
[2020.04.09-17.59.47:900][  0]LogAudioMixer: Display: Initializing audio mixer.
[2020.04.09-17.59.47:932][  0]LogAudioMixer: Display: Audio Device Output Speaker Info:
[2020.04.09-17.59.47:932][  0]LogAudioMixer: Display: Name: Speakers (2- High Definition Audio Device)
[2020.04.09-17.59.47:932][  0]LogAudioMixer: Display: Is Default: Yes
[2020.04.09-17.59.47:933][  0]LogAudioMixer: Display: Sample Rate: 48000
[2020.04.09-17.59.47:933][  0]LogAudioMixer: Display: Channel Count Used: 2
[2020.04.09-17.59.47:933][  0]LogAudioMixer: Display: Device Channel Count: 2
[2020.04.09-17.59.47:933][  0]LogAudioMixer: Display: Channel Order:
[2020.04.09-17.59.47:933][  0]LogAudioMixer: Display: 0: FrontLeft
[2020.04.09-17.59.47:933][  0]LogAudioMixer: Display: 1: FrontRight
[2020.04.09-17.59.47:951][  0]LogAudioMixer: Display: Using Audio Device Speakers (2- High Definition Audio Device)
[2020.04.09-17.59.47:958][  0]LogInit: FAudioDevice initialized.
[2020.04.09-17.59.47:958][  0]LogNetVersion: Set ProjectVersion to 1.0.0.0. Version Checksum will be recalculated on next use.
[2020.04.09-17.59.48:018][  0]LogDerivedDataCache: Saved boot cache 0.06s 97MB C:/Users/sraso/AppData/Local/UnrealEngine/4.24/DerivedDataCache/Boot.ddc.
[2020.04.09-17.59.48:027][  0]LogInit: Texture streaming: Enabled
[2020.04.09-17.59.48:037][  0]LogEngineSessionManager: EngineSessionManager initialized
[2020.04.09-17.59.48:037][  0]LogEngineSessionManager: EngineSessionManager sent abnormal shutdown report. Type=Crashed, SessionId={6DCED965-4FC3-40E6-C59C-C1B11E820E26}
[2020.04.09-17.59.48:037][  0]LogEditorSessionSummary: Verbose: Initializing EditorSessionSummaryWriter for editor session tracking
[2020.04.09-17.59.48:038][  0]LogEditorSessionSummary: EditorSessionSummaryWriter initialized
[2020.04.09-17.59.48:100][  0]LogInit: Transaction tracking system initialized
[2020.04.09-17.59.48:109][  0]BlueprintLog: New page: Editor Load
[2020.04.09-17.59.48:135][  0]LocalizationService: Localization service is disabled
[2020.04.09-17.59.48:402][  0]LogCook: Display: Max memory allowance for cook 16384mb min free memory 0mb
[2020.04.09-17.59.48:402][  0]LogCook: Display: Mobile HDR setting 1
[2020.04.09-17.59.48:472][  0]LogFileCache: Scanning file cache for directory 'C:/Users/sraso/Documents/GitHub/MOBAGameClient/Content/' took 0.03s
[2020.04.09-17.59.48:981][  0]SourceControl: Source control is disabled
[2020.04.09-17.59.48:982][  0]Cmd: MAP LOAD FILE="../../../../../../Users/sraso/Documents/GitHub/MOBAGameClient/Content/ThirdPersonBP/Maps/ThirdPersonExampleMap.umap" TEMPLATE=0 SHOWPROGRESS=1 FEATURELEVEL=3
[2020.04.09-17.59.48:982][  0]LightingResults: New page: Lighting Build
[2020.04.09-17.59.48:983][  0]LogWorld: UWorld::CleanupWorld for Untitled, bSessionEnded=true, bCleanupResources=true
[2020.04.09-17.59.48:983][  0]LogSlate: InvalidateAllWidgets triggered.  All widgets were invalidated
[2020.04.09-17.59.48:983][  0]MapCheck: New page: Map Check
[2020.04.09-17.59.48:983][  0]LightingResults: New page: Lighting Build
[2020.04.09-17.59.49:018][  0]LogUObjectHash: Compacting FUObjectHashTables data took   1.62ms
[2020.04.09-17.59.50:621][  0]LogAIModule: Creating AISystem for world ThirdPersonExampleMap
[2020.04.09-17.59.50:686][  0]LogEditorServer: Finished looking for orphan Actors (0.000 secs)
[2020.04.09-17.59.50:752][  0]LogUObjectHash: Compacting FUObjectHashTables data took   2.83ms
[2020.04.09-17.59.50:752][  0]Cmd: MAP CHECKDEP NOCLEARLOG
[2020.04.09-17.59.50:753][  0]MapCheck: Map check complete: 0 Error(s), 0 Warning(s), took 0.212ms to complete.
[2020.04.09-17.59.50:753][  0]LogFileHelpers: Loading map 'ThirdPersonExampleMap' took 1.771
[2020.04.09-17.59.50:887][  0]LogSlate: Updating window title bar state: overlay mode, drag disabled, window buttons hidden, title bar hidden
[2020.04.09-17.59.50:893][  0]LogSlate: Updating window title bar state: overlay mode, drag disabled, window buttons hidden, title bar hidden
[2020.04.09-17.59.50:899][  0]LogSlate: Updating window title bar state: overlay mode, drag disabled, window buttons hidden, title bar hidden
[2020.04.09-17.59.50:906][  0]LogSlate: Updating window title bar state: overlay mode, drag disabled, window buttons hidden, title bar hidden
[2020.04.09-17.59.50:910][  0]LogCollectionManager: Loaded 0 collections in 0.001725 seconds
[2020.04.09-17.59.50:923][  0]LogFileCache: Scanning file cache for directory 'C:/Users/sraso/Documents/GitHub/MOBAGameClient/Saved/Collections/' took 0.00s
[2020.04.09-17.59.50:923][  0]LogFileCache: Scanning file cache for directory 'C:/Users/sraso/Documents/GitHub/MOBAGameClient/Content/Developers/sraso/Collections/' took 0.00s
[2020.04.09-17.59.50:923][  0]LogFileCache: Scanning file cache for directory 'C:/Users/sraso/Documents/GitHub/MOBAGameClient/Content/Collections/' took 0.00s
[2020.04.09-17.59.50:923][  0]LogContentBrowser: Native class hierarchy populated in 0.0081 seconds. Added 3015 classes and 717 folders.
[2020.04.09-17.59.50:925][  0]LogContentBrowser: Native class hierarchy updated for 'WidgetCarousel' in 0.0002 seconds. Added 0 classes and 0 folders.
[2020.04.09-17.59.50:971][  0]LogContentBrowser: Native class hierarchy updated for 'AddContentDialog' in 0.0002 seconds. Added 0 classes and 0 folders.
[2020.04.09-17.59.50:975][  0]LogContentBrowser: Native class hierarchy updated for 'SceneOutliner' in 0.0003 seconds. Added 2 classes and 3 folders.
[2020.04.09-17.59.51:209][  0]LogSlate: Took 0.000174 seconds to synchronously load lazily loaded font '../../../Engine/Content/Slate/Fonts/Roboto-Regular.ttf' (155K)
[2020.04.09-17.59.51:211][  0]LogSlate: Took 0.000156 seconds to synchronously load lazily loaded font '../../../Engine/Content/Slate/Fonts/Roboto-Bold.ttf' (160K)
[2020.04.09-17.59.51:215][  0]LogSlate: Took 0.000174 seconds to synchronously load lazily loaded font '../../../Engine/Content/Editor/Slate/Fonts/FontAwesome.ttf' (139K)
[2020.04.09-17.59.51:286][  0]LogRenderer: Reallocating scene render targets to support 2048x1024 Format 10 NumSamples 1 (Frame:1).
[2020.04.09-17.59.51:519][  0]LogD3D12RHI: Creating RTPSO with 92 shaders (0 cached, 92 new) took 159.31 ms. Compile time 148.11 ms, link time 11.02 ms.
[2020.04.09-17.59.51:614][  0]LogD3D12RHI: Creating RTPSO with 3 shaders (0 cached, 3 new) took 11.64 ms. Compile time 4.18 ms, link time 7.44 ms.
[2020.04.09-17.59.51:834][  0]LogContentBrowser: Native class hierarchy updated for 'HierarchicalLODOutliner' in 0.0003 seconds. Added 0 classes and 0 folders.
[2020.04.09-17.59.51:834][  0]LogLoad: (Engine Initialization) Total time: 9.59 seconds
[2020.04.09-17.59.51:834][  0]LogLoad: (Engine Initialization) Total Blueprint compile time: 0.00 seconds
[2020.04.09-17.59.51:893][  0]LogContentStreaming: Texture pool size now 1000 MB
[2020.04.09-17.59.51:921][  1]LogFileCache: Retrieving MD5 hashes for directory 'C:/Users/sraso/Documents/GitHub/MOBAGameClient/Content/' took 0.07s
[2020.04.09-17.59.51:952][  1]LogAssetRegistry: Asset discovery search completed in 6.4759 seconds
[2020.04.09-17.59.51:955][  1]LogD3D12RHI: Creating RTPSO with 95 shaders (93 cached, 2 new) took 10.35 ms. Compile time 6.23 ms, link time 3.98 ms.
[2020.04.09-17.59.51:955][  1]LogCollectionManager: Fixed up redirectors for 0 collections in 0.000009 seconds (updated 0 objects)
[2020.04.09-17.59.53:295][ 61]LogSlate: Took 0.000240 seconds to synchronously load lazily loaded font '../../../Engine/Content/Slate/Fonts/Roboto-Light.ttf' (167K)
[2020.04.09-18.01.28:613][726]LogSlate: Window 'Message Log' being destroyed
[2020.04.09-18.01.28:617][726]LogSlate: Window 'Message Log' being destroyed
[2020.04.09-18.02.11:773][157]LogTemp: Repeating last play command: Selected Viewport
[2020.04.09-18.02.11:794][157]LogBlueprintUserMessages: Early PlayInEditor Detection: Level '/Game/ThirdPersonBP/Maps/ThirdPersonExampleMap.ThirdPersonExampleMap:PersistentLevel' has LevelScriptBlueprint '/Game/ThirdPersonBP/Maps/ThirdPersonExampleMap.ThirdPersonExampleMap:PersistentLevel.ThirdPersonExampleMap' with GeneratedClass '/Game/ThirdPersonBP/Maps/ThirdPersonExampleMap.ThirdPersonExampleMap_C' with ClassGeneratedBy '/Game/ThirdPersonBP/Maps/ThirdPersonExampleMap.ThirdPersonExampleMap:PersistentLevel.ThirdPersonExampleMap'
[2020.04.09-18.02.11:794][157]LogPlayLevel: PlayLevel: No blueprints needed recompiling
[2020.04.09-18.02.11:795][157]PIE: New page: PIE session: ThirdPersonExampleMap (Apr 9, 2020, 8:02:11 AM)
[2020.04.09-18.02.11:796][157]LogOnline: OSS: Creating online subsystem instance for: NULL
[2020.04.09-18.02.11:797][157]LogOnline: OSS: TryLoadSubsystemAndSetDefault: Loaded subsystem for module [NULL]
[2020.04.09-18.02.11:799][157]LogPlayLevel: Creating play world package: /Game/ThirdPersonBP/Maps/UEDPIE_0_ThirdPersonExampleMap
[2020.04.09-18.02.11:821][157]LogPlayLevel: PIE: StaticDuplicateObject took: (0.021956s)
[2020.04.09-18.02.11:822][157]LogAIModule: Creating AISystem for world ThirdPersonExampleMap
[2020.04.09-18.02.11:822][157]LogPlayLevel: PIE: World Init took: (0.000806s)
[2020.04.09-18.02.11:822][157]LogPlayLevel: PIE: Created PIE world by copying editor world from /Game/ThirdPersonBP/Maps/ThirdPersonExampleMap.ThirdPersonExampleMap to /Game/ThirdPersonBP/Maps/UEDPIE_0_ThirdPersonExampleMap.ThirdPersonExampleMap (0.022995s)
[2020.04.09-18.02.11:854][157]LogUObjectHash: Compacting FUObjectHashTables data took   1.61ms
[2020.04.09-18.02.11:855][157]LogAudioMixer: Display: Audio Mixer Platform Settings:
[2020.04.09-18.02.11:855][157]LogAudioMixer: Display: 	Sample Rate:						  48000
[2020.04.09-18.02.11:855][157]LogAudioMixer: Display: 	Callback Buffer Frame Size Requested: 1024
[2020.04.09-18.02.11:855][157]LogAudioMixer: Display: 	Callback Buffer Frame Size To Use:	  1024
[2020.04.09-18.02.11:855][157]LogAudioMixer: Display: 	Number of buffers to queue:			  2
[2020.04.09-18.02.11:855][157]LogAudioMixer: Display: 	Max Channels (voices):				  32
[2020.04.09-18.02.11:855][157]LogAudioMixer: Display: 	Number of Async Source Workers:		  0
[2020.04.09-18.02.11:855][157]LogAudio: Display: AudioDevice MaxSources: 32
[2020.04.09-18.02.11:856][157]LogAudio: Display: Using built-in audio occlusion.
[2020.04.09-18.02.11:856][157]LogAudioMixer: Display: Initializing audio mixer.
[2020.04.09-18.02.11:884][157]LogAudioMixer: Display: Audio Device Output Speaker Info:
[2020.04.09-18.02.11:884][157]LogAudioMixer: Display: Name: Speakers (2- High Definition Audio Device)
[2020.04.09-18.02.11:884][157]LogAudioMixer: Display: Is Default: Yes
[2020.04.09-18.02.11:884][157]LogAudioMixer: Display: Sample Rate: 48000
[2020.04.09-18.02.11:884][157]LogAudioMixer: Display: Channel Count Used: 2
[2020.04.09-18.02.11:884][157]LogAudioMixer: Display: Device Channel Count: 2
[2020.04.09-18.02.11:884][157]LogAudioMixer: Display: Channel Order:
[2020.04.09-18.02.11:885][157]LogAudioMixer: Display: 0: FrontLeft
[2020.04.09-18.02.11:885][157]LogAudioMixer: Display: 1: FrontRight
[2020.04.09-18.02.11:895][157]LogAudioMixer: Display: Using Audio Device Speakers (2- High Definition Audio Device)
[2020.04.09-18.02.11:897][157]LogInit: FAudioDevice initialized.
[2020.04.09-18.02.11:907][157]LogLoad: Game class is 'ThirdPersonGameMode_C'
[2020.04.09-18.02.11:913][157]LogWorld: Bringing World /Game/ThirdPersonBP/Maps/UEDPIE_0_ThirdPersonExampleMap.ThirdPersonExampleMap up for play (max tick rate 0) at 2020.04.09-13.02.11
[2020.04.09-18.02.11:914][157]LogWorld: Bringing up level for play took: 0.006397
[2020.04.09-18.02.11:915][157]LogOnline: OSS: Creating online subsystem instance for: :Context_6
[2020.04.09-18.02.11:917][157]LogContentBrowser: Native class hierarchy updated for 'MovieSceneCapture' in 0.0003 seconds. Added 20 classes and 0 folders.
[2020.04.09-18.02.11:920][157]PIE: Play in editor start time for /Game/ThirdPersonBP/Maps/UEDPIE_0_ThirdPersonExampleMap -0.316
[2020.04.09-18.02.11:921][157]LogBlueprintUserMessages: Late PlayInEditor Detection: Level '/Game/ThirdPersonBP/Maps/ThirdPersonExampleMap.ThirdPersonExampleMap:PersistentLevel' has LevelScriptBlueprint '/Game/ThirdPersonBP/Maps/ThirdPersonExampleMap.ThirdPersonExampleMap:PersistentLevel.ThirdPersonExampleMap' with GeneratedClass '/Game/ThirdPersonBP/Maps/ThirdPersonExampleMap.ThirdPersonExampleMap_C' with ClassGeneratedBy '/Game/ThirdPersonBP/Maps/ThirdPersonExampleMap.ThirdPersonExampleMap:PersistentLevel.ThirdPersonExampleMap'
[2020.04.09-18.02.11:922][157]LogBlueprintUserMessages: [FindPathPoint_C_5] BLACKBOARD VECTOR SET
[2020.04.09-18.02.11:922][157]LogBlueprintUserMessages: [FindPathPoint_C_5] BLACKBOARD VECTOR SET
[2020.04.09-18.02.11:922][157]LogBlueprintUserMessages: [FindPathPoint_C_5] BLACKBOARD VECTOR SET
[2020.04.09-18.02.11:922][157]LogBlueprintUserMessages: [Minion_AI_C_0] None
[2020.04.09-18.02.11:922][157]LogBlueprintUserMessages: [Minion_AI_C_0] None
[2020.04.09-18.02.11:922][157]LogBlueprintUserMessages: [Minion_AI_C_1] None
[2020.04.09-18.02.11:922][157]LogBlueprintUserMessages: [Minion_AI_C_1] None
[2020.04.09-18.02.11:922][157]LogBlueprintUserMessages: [Minion_AI_C_2] None
[2020.04.09-18.02.11:922][157]LogBlueprintUserMessages: [Minion_AI_C_2] None
[2020.04.09-18.02.12:521][179]LogBlueprintUserMessages: [IncrementPathIndex_C_5] INDEX CHANGED
[2020.04.09-18.02.12:521][179]LogBlueprintUserMessages: [IncrementPathIndex_C_5] INDEX CHANGED
[2020.04.09-18.02.12:521][179]LogBlueprintUserMessages: [IncrementPathIndex_C_5] INDEX CHANGED
[2020.04.09-18.02.12:861][192]LogBlueprintUserMessages: [FindPathPoint_C_5] BLACKBOARD VECTOR SET
[2020.04.09-18.02.12:861][192]LogBlueprintUserMessages: [FindPathPoint_C_5] BLACKBOARD VECTOR SET
[2020.04.09-18.02.12:861][192]LogBlueprintUserMessages: [FindPathPoint_C_5] BLACKBOARD VECTOR SET
[2020.04.09-18.02.13:027][199]LogBlueprintUserMessages: [SideMinion4_11] SPOTTED
[2020.04.09-18.02.13:028][199]LogBlueprintUserMessages: [SideMinion4_11] CAN NOT SEE PLAYER
[2020.04.09-18.02.13:064][200]LogD3D12RHI: Creating RTPSO with 103 shaders (102 cached, 1 new) took 11.28 ms. Compile time 7.11 ms, link time 4.00 ms.
[2020.04.09-18.02.13:145][203]LogBlueprintUserMessages: [SideMinion4_11] CAN  SEE PLAYER
[2020.04.09-18.02.13:303][208]LogBlueprintUserMessages: [SwordCharacter_C_0] 0.15
[2020.04.09-18.02.13:303][208]LogBlueprintUserMessages: [SwordCharacter_C_0] GOING
[2020.04.09-18.02.13:304][208]LogBlueprintUserMessages: [SideMinion5_14] SPOTTED
[2020.04.09-18.02.13:305][208]LogBlueprintUserMessages: [SideMinion5_14] CAN NOT SEE PLAYER
[2020.04.09-18.02.13:428][212]LogBlueprintUserMessages: [SideMinion5_14] CAN  SEE PLAYER
[2020.04.09-18.02.13:519][215]LogBlueprintUserMessages: [SwordCharacter_C_0] 0.15
[2020.04.09-18.02.13:616][218]LogBlueprintUserMessages: [SwordCharacter_C_0] STOPPING
[2020.04.09-18.02.13:677][220]LogBlueprintUserMessages: [SwordCharacter_C_0] 0.15
[2020.04.09-18.02.13:677][220]LogBlueprintUserMessages: [SwordCharacter_C_0] GOING
[2020.04.09-18.02.13:678][220]LogBlueprintUserMessages: [SideMinion4_11] CAN  SEE PLAYER
[2020.04.09-18.02.13:860][226]LogBlueprintUserMessages: [SwordCharacter_C_0] 0.15
[2020.04.09-18.02.13:951][229]LogBlueprintUserMessages: [SideMinion5_14] CAN  SEE PLAYER
[2020.04.09-18.02.13:983][230]LogBlueprintUserMessages: [SwordCharacter_C_0] GOING
[2020.04.09-18.02.14:326][241]LogBlueprintUserMessages: [SwordCharacter_C_0] STOPPING
[2020.04.09-18.02.14:390][243]LogBlueprintUserMessages: [InventoryWindow_C_0] 0
[2020.04.09-18.02.14:390][243]LogScript: Warning: Attempted to access index 0 from array Inventory of length 0!
	InventoryWindow_C /Engine/Transient.UnrealEdEngine_0:MobaGameInstance_C_0.InventoryWindow_C_0
	Function /Game/ThirdPersonBP/Blueprints/InventorySystem/InventoryUI/InventoryWindow.InventoryWindow_C:ExecuteUbergraph_InventoryWindow:00A5
[2020.04.09-18.02.14:390][243]PIE: Error: Blueprint Runtime Error: "Attempted to access index 0 from array Inventory of length 0!". Blueprint:  InventoryWindow Function:  Execute Ubergraph Inventory Window Graph:  EventGraph Node:  Create Widget
[2020.04.09-18.02.14:390][243]LogOutputDevice: Warning: 

Script Stack (5 frames):
InventoryWindow_C.ExecuteUbergraph_InventoryWindow
InventoryWindow_C.Construct
InventoryComponent_C.ToggleInventory
SwordCharacter_C.ExecuteUbergraph_SwordCharacter
SwordCharacter_C.InpActEvt_Inventory_K2Node_InputActionEvent_0

[2020.04.09-18.02.14:390][243]LogWindows: Windows GetLastError: The operation completed successfully. (0)
[2020.04.09-18.02.15:641][243]LogWindows: Error: === Critical error: ===
[2020.04.09-18.02.15:641][243]LogWindows: Error: 
[2020.04.09-18.02.15:641][243]LogWindows: Error: Assertion failed: Src [File:D:/Build/++UE4/Sync/Engine/Source/Runtime/CoreUObject/Private/UObject/Class.cpp] [Line: 2496] 
[2020.04.09-18.02.15:641][243]LogWindows: Error: 
[2020.04.09-18.02.15:641][243]LogWindows: Error: 
[2020.04.09-18.02.15:641][243]LogWindows: Error: 
[2020.04.09-18.02.15:641][243]LogWindows: Error: [Callstack] 0x00007ff89547a859 KERNELBASE.dll!UnknownFunction []
[2020.04.09-18.02.15:641][243]LogWindows: Error: [Callstack] 0x00007ff850b7a7b6 UE4Editor-Core.dll!UnknownFunction []
[2020.04.09-18.02.15:641][243]LogWindows: Error: [Callstack] 0x00007ff850b7dc58 UE4Editor-Core.dll!UnknownFunction []
[2020.04.09-18.02.15:641][243]LogWindows: Error: [Callstack] 0x00007ff850932c7d UE4Editor-Core.dll!UnknownFunction []
[2020.04.09-18.02.15:641][243]LogWindows: Error: [Callstack] 0x00007ff8508bfd43 UE4Editor-Core.dll!UnknownFunction []
[2020.04.09-18.02.15:641][243]LogWindows: Error: [Callstack] 0x00007ff8508c20c0 UE4Editor-Core.dll!UnknownFunction []
[2020.04.09-18.02.15:641][243]LogWindows: Error: [Callstack] 0x00007ff856150d77 UE4Editor-CoreUObject.dll!UnknownFunction []
[2020.04.09-18.02.15:641][243]LogWindows: Error: [Callstack] 0x00007ff84b96295a UE4Editor-Engine.dll!UnknownFunction []
[2020.04.09-18.02.15:641][243]LogWindows: Error: [Callstack] 0x00007ff84b189b16 UE4Editor-Engine.dll!UnknownFunction []
[2020.04.09-18.02.15:641][243]LogWindows: Error: [Callstack] 0x00007ff8561742e8 UE4Editor-CoreUObject.dll!UnknownFunction []
[2020.04.09-18.02.15:641][243]LogWindows: Error: [Callstack] 0x00007ff85639a62f UE4Editor-CoreUObject.dll!UnknownFunction []
[2020.04.09-18.02.15:641][243]LogWindows: Error: [Callstack] 0x00007ff8563bec61 UE4Editor-CoreUObject.dll!UnknownFunction []
[2020.04.09-18.02.15:641][243]LogWindows: Error: [Callstack] 0x00007ff8563c0cd2 UE4Editor-CoreUObject.dll!UnknownFunction []
[2020.04.09-18.02.15:641][243]LogWindows: Error: [Callstack] 0x00007ff85638edbb UE4Editor-CoreUObject.dll!UnknownFunction []
[2020.04.09-18.02.15:641][243]LogWindows: Error: [Callstack] 0x00007ff8563c09ef UE4Editor-CoreUObject.dll!UnknownFunction []
[2020.04.09-18.02.15:641][243]LogWindows: Error: [Callstack] 0x00007ff8563c0cd2 UE4Editor-CoreUObject.dll!UnknownFunction []
[2020.04.09-18.02.15:641][243]LogWindows: Error: [Callstack] 0x00007ff8563c0644 UE4Editor-CoreUObject.dll!UnknownFunction []
[2020.04.09-18.02.15:641][243]LogWindows: Error: [Callstack] 0x00007ff8561742e8 UE4Editor-CoreUObject.dll!UnknownFunction []
[2020.04.09-18.02.15:641][243]LogWindows: Error: [Callstack] 0x00007ff8563c0148 UE4Editor-CoreUObject.dll!UnknownFunction []
[2020.04.09-18.02.15:641][243]LogWindows: Error: [Callstack] 0x00007ff8520dea9e UE4Editor-UMG.dll!UnknownFunction []
[2020.04.09-18.02.15:641][243]LogWindows: Error: [Callstack] 0x00007ff85213dffb UE4Editor-UMG.dll!UnknownFunction []
[2020.04.09-18.02.15:641][243]LogWindows: Error: [Callstack] 0x00007ff852084977 UE4Editor-UMG.dll!UnknownFunction []
[2020.04.09-18.02.15:641][243]LogWindows: Error: [Callstack] 0x00007ff8520f1c15 UE4Editor-UMG.dll!UnknownFunction []
[2020.04.09-18.02.15:641][243]LogWindows: Error: [Callstack] 0x00007ff85207b98c UE4Editor-UMG.dll!UnknownFunction []
[2020.04.09-18.02.15:641][243]LogWindows: Error: [Callstack] 0x00007ff852150dd9 UE4Editor-UMG.dll!UnknownFunction []
[2020.04.09-18.02.15:641][243]LogWindows: Error: [Callstack] 0x00007ff8561742e8 UE4Editor-CoreUObject.dll!UnknownFunction []
[2020.04.09-18.02.15:641][243]LogWindows: Error: [Callstack] 0x00007ff85639a62f UE4Editor-CoreUObject.dll!UnknownFunction []
[2020.04.09-18.02.15:641][243]LogWindows: Error: [Callstack] 0x00007ff8563bec61 UE4Editor-CoreUObject.dll!UnknownFunction []
[2020.04.09-18.02.15:641][243]LogWindows: Error: [Callstack] 0x00007ff8563e6516 UE4Editor-CoreUObject.dll!UnknownFunction []
[2020.04.09-18.02.15:641][243]LogWindows: Error: [Callstack] 0x00007ff8563c0cd2 UE4Editor-CoreUObject.dll!UnknownFunction []
[2020.04.09-18.02.15:641][243]LogWindows: Error: [Callstack] 0x00007ff85638edbb UE4Editor-CoreUObject.dll!UnknownFunction []
[2020.04.09-18.02.15:641][243]LogWindows: Error: [Callstack] 0x00007ff8563c09ef UE4Editor-CoreUObject.dll!UnknownFunction []
[2020.04.09-18.02.15:641][243]LogWindows: Error: [Callstack] 0x00007ff8563bec61 UE4Editor-CoreUObject.dll!UnknownFunction []
[2020.04.09-18.02.15:641][243]LogWindows: Error: [Callstack] 0x00007ff8563c0cd2 UE4Editor-CoreUObject.dll!UnknownFunction []
[2020.04.09-18.02.15:641][243]LogWindows: Error: [Callstack] 0x00007ff85638edbb UE4Editor-CoreUObject.dll!UnknownFunction []
[2020.04.09-18.02.15:641][243]LogWindows: Error: [Callstack] 0x00007ff8563c09ef UE4Editor-CoreUObject.dll!UnknownFunction []
[2020.04.09-18.02.15:641][243]LogWindows: Error: [Callstack] 0x00007ff8563c0cd2 UE4Editor-CoreUObject.dll!UnknownFunction []
[2020.04.09-18.02.15:641][243]LogWindows: Error: [Callstack] 0x00007ff8563c0644 UE4Editor-CoreUObject.dll!UnknownFunction []
[2020.04.09-18.02.15:641][243]LogWindows: Error: [Callstack] 0x00007ff8561742e8 UE4Editor-CoreUObject.dll!UnknownFunction []
[2020.04.09-18.02.15:641][243]LogWindows: Error: [Callstack] 0x00007ff8563c0148 UE4Editor-CoreUObject.dll!UnknownFunction []
[2020.04.09-18.02.15:641][243]LogWindows: Error: [Callstack] 0x00007ff84b147f18 UE4Editor-Engine.dll!UnknownFunction []
[2020.04.09-18.02.15:642][243]LogWindows: Error: [Callstack] 0x00007ff84c365250 UE4Editor-Engine.dll!UnknownFunction []
[2020.04.09-18.02.15:642][243]LogWindows: Error: [Callstack] 0x00007ff84c38e631 UE4Editor-Engine.dll!UnknownFunction []
[2020.04.09-18.02.15:642][243]LogWindows: Error: [Callstack] 0x00007ff84be70043 UE4Editor-Engine.dll!UnknownFunction []
[2020.04.09-18.02.15:642][243]LogWindows: Error: [Callstack] 0x00007ff84be81e3d UE4Editor-Engine.dll!UnknownFunction []
[2020.04.09-18.02.15:642][243]LogWindows: Error: [Callstack] 0x00007ff84be6dfcb UE4Editor-Engine.dll!UnknownFunction []
[2020.04.09-18.02.15:642][243]LogWindows: Error: [Callstack] 0x00007ff84be80267 UE4Editor-Engine.dll!UnknownFunction []
[2020.04.09-18.02.15:642][243]LogWindows: Error: [Callstack] 0x00007ff84b127866 UE4Editor-Engine.dll!UnknownFunction []
[2020.04.09-18.02.15:642][243]LogWindows: Error: [Callstack] 0x00007ff84c267223 UE4Editor-Engine.dll!UnknownFunction []
[2020.04.09-18.02.15:642][243]LogWindows: Error: [Callstack] 0x00007ff84c275256 UE4Editor-Engine.dll!UnknownFunction []
[2020.04.09-18.02.15:642][243]LogWindows: Error: [Callstack] 0x00007ff850709ff2 UE4Editor-Core.dll!UnknownFunction []
[2020.04.09-18.02.15:642][243]LogWindows: Error: [Callstack] 0x00007ff85070a393 UE4Editor-Core.dll!UnknownFunction []
[2020.04.09-18.02.15:642][243]LogWindows: Error: [Callstack] 0x00007ff85071aa68 UE4Editor-Core.dll!UnknownFunction []
[2020.04.09-18.02.15:642][243]LogWindows: Error: [Callstack] 0x00007ff84c2938b0 UE4Editor-Engine.dll!UnknownFunction []
[2020.04.09-18.02.15:642][243]LogWindows: Error: [Callstack] 0x00007ff84c2997c2 UE4Editor-Engine.dll!UnknownFunction []
[2020.04.09-18.02.15:642][243]LogWindows: Error: [Callstack] 0x00007ff84ba1a25f UE4Editor-Engine.dll!UnknownFunction []
[2020.04.09-18.02.15:642][243]LogWindows: Error: [Callstack] 0x00007ff84ba25127 UE4Editor-Engine.dll!UnknownFunction []
[2020.04.09-18.02.15:642][243]LogWindows: Error: [Callstack] 0x00007ff849bbad60 UE4Editor-UnrealEd.dll!UnknownFunction []
[2020.04.09-18.02.15:642][243]LogWindows: Error: [Callstack] 0x00007ff84a41e476 UE4Editor-UnrealEd.dll!UnknownFunction []
[2020.04.09-18.02.15:642][243]LogWindows: Error: [Callstack] 0x00007ff6ba4c7f62 UE4Editor.exe!UnknownFunction []
[2020.04.09-18.02.15:642][243]LogWindows: Error: [Callstack] 0x00007ff6ba4dc3ec UE4Editor.exe!UnknownFunction []
[2020.04.09-18.02.15:642][243]LogWindows: Error: [Callstack] 0x00007ff6ba4dc4ca UE4Editor.exe!UnknownFunction []
[2020.04.09-18.02.15:642][243]LogWindows: Error: [Callstack] 0x00007ff6ba4eceae UE4Editor.exe!UnknownFunction []
[2020.04.09-18.02.15:642][243]LogWindows: Error: [Callstack] 0x00007ff6ba4efcbe UE4Editor.exe!UnknownFunction []
[2020.04.09-18.02.15:642][243]LogWindows: Error: [Callstack] 0x00007ff895cf7bd4 KERNEL32.DLL!UnknownFunction []
[2020.04.09-18.02.15:642][243]LogWindows: Error: [Callstack] 0x00007ff89772ced1 ntdll.dll!UnknownFunction []
[2020.04.09-18.02.15:642][243]LogWindows: Error: 
[2020.04.09-18.02.15:658][243]LogExit: Executing StaticShutdownAfterError
[2020.04.09-18.02.15:661][243]LogWindows: FPlatformMisc::RequestExit(1)
[2020.04.09-18.02.15:661][243]LogCore: Engine exit requested (reason: Win RequestExit)
[2020.04.09-18.02.15:672][243]Log file closed, 04/09/20 13:02:15
